<?xml version="1.0" encoding="UTF-8"?>
<!-- Generated by org.testng.reporters.JUnitReportReporter -->
<testsuite skipped="0" hostname="Rajlaxmi-Lapi" name="com.automationpractice.testcases.LoginPageTestCases" tests="1" failures="0" timestamp="12 Jul 2020 07:13:21 GMT" time="17.095" errors="0">
  <testcase name="verifyLoginFunctionality" time="17.095" classname="com.automationpractice.testcases.LoginPageTestCases"/>
</testsuite> <!-- com.automationpractice.testcases.LoginPageTestCases -->
