<?xml version="1.0" encoding="UTF-8"?>
<!-- Generated by org.testng.reporters.JUnitReportReporter -->
<testsuite skipped="0" hostname="Rajlaxmi-Lapi" name="web.TestTestNG" tests="6" failures="0" timestamp="28 Jun 2020 11:10:49 GMT" time="0.031" errors="0">
  <testcase name="validateSignInButton" time="0.007" classname="web.TestTestNG"/>
  <testcase name="validateHopePageUI" time="0.003" classname="web.TestTestNG"/>
  <testcase name="validateTitle" time="0.002" classname="web.TestTestNG"/>
  <testcase name="validateTitle" time="0.012" classname="web.TestTestNG"/>
  <testcase name="validateHopePageUI" time="0.004" classname="web.TestTestNG"/>
  <testcase name="validateSignInButton" time="0.003" classname="web.TestTestNG"/>
</testsuite> <!-- web.TestTestNG -->
