<?xml version="1.0" encoding="UTF-8"?>
<!-- Generated by org.testng.reporters.JUnitReportReporter -->
<testsuite skipped="0" hostname="Rajlaxmi-Lapi" name="com.automationpractice.testcases.TitleTestcases" tests="1" failures="0" timestamp="11 Jul 2020 19:27:55 GMT" time="12.951" errors="0">
  <testcase name="validateTitle" time="12.951" classname="com.automationpractice.testcases.TitleTestcases"/>
</testsuite> <!-- com.automationpractice.testcases.TitleTestcases -->
